[2019-07-19T16:53:14.355] [DEBUG] cheese - login => username:2222,password:2222
[2019-07-19T16:53:14.360] [DEBUG] cheese - 2222
[2019-07-19T16:53:14.395] [DEBUG] cheese - null
[2019-07-19T16:53:14.397] [DEBUG] cheese - null
[2019-07-19T16:59:41.534] [DEBUG] cheese - login => username:weqweqw,password:qweqweqw
[2019-07-19T16:59:41.534] [DEBUG] cheese - weqweqw
[2019-07-19T16:59:41.540] [DEBUG] cheese - null
[2019-07-19T16:59:41.540] [DEBUG] cheese - null
[2019-07-22T19:04:10.418] [DEBUG] cheese - login => username:qweqeq,password:qweqeqe
[2019-07-22T19:04:10.422] [DEBUG] cheese - qweqeq
[2019-07-22T19:04:10.526] [DEBUG] cheese - null
[2019-07-22T19:04:10.529] [DEBUG] cheese - null
[2019-07-22T19:47:27.018] [DEBUG] cheese - login => username:qww,password:wwww
[2019-07-22T19:47:27.019] [DEBUG] cheese - qww
[2019-07-22T19:47:27.029] [DEBUG] cheese - null
[2019-07-22T19:47:27.029] [DEBUG] cheese - null
[2019-07-22T19:54:00.936] [DEBUG] cheese - login => username:admin,password:123456
[2019-07-22T19:54:00.936] [DEBUG] cheese - admin
[2019-07-22T19:54:00.948] [DEBUG] cheese - null
[2019-07-22T19:54:00.948] [DEBUG] cheese - null
[2019-07-22T19:54:19.089] [DEBUG] cheese - login => username:wewqe,password:ewqeq
[2019-07-22T19:54:19.089] [DEBUG] cheese - wewqe
[2019-07-22T19:54:19.092] [DEBUG] cheese - null
[2019-07-22T19:54:19.092] [DEBUG] cheese - null
[2019-07-22T19:54:44.981] [DEBUG] cheese - login => username:wqeqwe,password:qweqwe
[2019-07-22T19:54:44.982] [DEBUG] cheese - wqeqwe
[2019-07-22T19:54:44.984] [DEBUG] cheese - null
[2019-07-22T19:54:44.984] [DEBUG] cheese - null
[2019-07-22T19:54:54.535] [DEBUG] cheese - login => username:admin,password:123456
[2019-07-22T19:54:54.536] [DEBUG] cheese - admin
[2019-07-22T19:54:54.538] [DEBUG] cheese - null
[2019-07-22T19:54:54.538] [DEBUG] cheese - null
[2019-07-22T21:22:58.643] [DEBUG] cheese - login => username:admin,password:123456
[2019-07-22T21:22:58.645] [DEBUG] cheese - admin
[2019-07-22T21:22:58.661] [DEBUG] cheese - null
[2019-07-22T21:22:58.662] [DEBUG] cheese - null
[2019-07-22T21:23:48.747] [DEBUG] cheese - login => username:admin,password:123456
[2019-07-22T21:23:48.747] [DEBUG] cheese - admin
[2019-07-22T21:23:48.751] [DEBUG] cheese - null
[2019-07-22T21:23:48.751] [DEBUG] cheese - null
[2019-07-22T21:23:53.510] [DEBUG] cheese - login => username:admin,password:123456adad
[2019-07-22T21:23:53.510] [DEBUG] cheese - admin
[2019-07-22T21:23:53.514] [DEBUG] cheese - null
[2019-07-22T21:23:53.514] [DEBUG] cheese - null
[2019-07-22T21:47:59.536] [DEBUG] cheese - login => username:admin,password:123456
[2019-07-22T21:47:59.538] [DEBUG] cheese - admin
[2019-07-22T21:47:59.556] [DEBUG] cheese - null
[2019-07-22T21:47:59.557] [DEBUG] cheese - null
[2019-07-23T18:30:39.217] [DEBUG] cheese - login => username:admin,password:123456
[2019-07-23T18:30:39.219] [DEBUG] cheese - admin
[2019-07-23T18:30:39.246] [DEBUG] cheese - null
[2019-07-23T18:30:39.247] [DEBUG] cheese - null
[2019-07-23T20:49:33.841] [DEBUG] cheese - login => username:admin,password:123456
[2019-07-23T20:49:33.841] [DEBUG] cheese - admin
[2019-07-23T20:49:33.851] [DEBUG] cheese - null
[2019-07-23T20:49:33.851] [DEBUG] cheese - null
[2019-07-24T11:27:36.936] [DEBUG] cheese - login => username:admin,password:123456
[2019-07-24T11:27:36.939] [DEBUG] cheese - admin
[2019-07-24T11:27:36.961] [DEBUG] cheese - null
[2019-07-24T11:27:36.962] [DEBUG] cheese - null
[2019-07-24T18:45:30.030] [DEBUG] cheese - login => username:admin,password:123456
[2019-07-24T18:45:30.032] [DEBUG] cheese - admin
[2019-07-24T18:45:30.081] [DEBUG] cheese - null
[2019-07-24T18:45:30.081] [DEBUG] cheese - null
[2019-07-24T20:51:28.682] [DEBUG] cheese - login => username:admin,password:123456
[2019-07-24T20:51:28.685] [DEBUG] cheese - admin
[2019-07-24T20:51:28.700] [DEBUG] cheese - null
[2019-07-24T20:51:28.700] [DEBUG] cheese - null
[2019-07-24T20:53:40.190] [DEBUG] cheese - login => username:admin,password:123456
[2019-07-24T20:53:40.190] [DEBUG] cheese - admin
[2019-07-24T20:53:40.196] [DEBUG] cheese - null
[2019-07-24T20:53:40.196] [DEBUG] cheese - null
[2019-07-24T22:37:07.306] [DEBUG] cheese - login => username:admin,password:123456
[2019-07-24T22:37:07.308] [DEBUG] cheese - admin
[2019-07-24T22:37:07.322] [DEBUG] cheese - null
[2019-07-24T22:37:07.323] [DEBUG] cheese - null
[2019-07-26T10:51:35.980] [DEBUG] cheese - login => username:admin,password:123456
[2019-07-26T10:51:35.984] [DEBUG] cheese - admin
[2019-07-26T10:51:36.050] [DEBUG] cheese - null
[2019-07-26T10:51:36.051] [DEBUG] cheese - null
[2019-07-26T11:03:13.214] [DEBUG] cheese - login => username:admin,password:123456
[2019-07-26T11:03:13.214] [DEBUG] cheese - admin
[2019-07-26T11:03:13.219] [DEBUG] cheese - null
[2019-07-26T11:03:13.219] [DEBUG] cheese - null
[2019-07-26T11:46:29.926] [DEBUG] cheese - login => username:admin,password:123456
[2019-07-26T11:46:29.927] [DEBUG] cheese - admin
[2019-07-26T11:46:29.931] [DEBUG] cheese - null
[2019-07-26T11:46:29.931] [DEBUG] cheese - null
[2019-07-26T22:00:27.135] [DEBUG] cheese - login => username:admin,password:1234567
[2019-07-26T22:00:27.137] [DEBUG] cheese - admin
[2019-07-26T22:00:27.143] [DEBUG] cheese - null
[2019-07-26T22:00:27.143] [DEBUG] cheese - null
[2019-07-26T22:00:37.564] [DEBUG] cheese - login => username:admin,password:123456
[2019-07-26T22:00:37.565] [DEBUG] cheese - admin
[2019-07-26T22:00:37.566] [DEBUG] cheese - null
[2019-07-26T22:00:37.566] [DEBUG] cheese - null
[2019-07-27T12:45:33.745] [DEBUG] cheese - login => username:admin,password:123456
[2019-07-27T12:45:33.747] [DEBUG] cheese - admin
[2019-07-27T12:45:33.755] [DEBUG] cheese - null
[2019-07-27T12:45:33.756] [DEBUG] cheese - null
[2019-07-27T20:13:18.079] [DEBUG] cheese - login => username:admin,password:123456
[2019-07-27T20:13:18.080] [DEBUG] cheese - admin
[2019-07-27T20:13:18.084] [DEBUG] cheese - null
[2019-07-27T20:13:18.084] [DEBUG] cheese - null
[2019-07-29T11:46:42.968] [DEBUG] cheese - login => username:admin,password:123456
[2019-07-29T11:46:42.969] [DEBUG] cheese - admin
[2019-07-29T11:46:43.037] [DEBUG] cheese - null
[2019-07-29T11:46:43.038] [DEBUG] cheese - null
[2019-07-30T15:53:28.744] [DEBUG] cheese - login => username:admin,password:123456
[2019-07-30T15:53:28.749] [DEBUG] cheese - admin
[2019-07-30T15:53:28.829] [DEBUG] cheese - null
[2019-07-30T15:53:28.830] [DEBUG] cheese - null
[2019-08-03T15:26:58.856] [DEBUG] cheese - login => username:admin,password:123456
[2019-08-03T15:26:58.858] [DEBUG] cheese - admin
[2019-08-03T15:26:58.938] [DEBUG] cheese - null
[2019-08-03T15:26:58.939] [DEBUG] cheese - null
[2019-08-03T15:53:48.617] [DEBUG] cheese - login => username:admin,password:123456
[2019-08-03T15:53:48.621] [DEBUG] cheese - admin
[2019-08-03T15:53:48.631] [DEBUG] cheese - null
[2019-08-03T15:53:48.632] [DEBUG] cheese - null
[2019-08-04T15:51:59.961] [DEBUG] cheese - login => username:liman,password:123456
[2019-08-04T15:51:59.971] [DEBUG] cheese - liman
[2019-08-04T15:51:59.984] [DEBUG] cheese - null
[2019-08-04T15:51:59.985] [DEBUG] cheese - null
[2019-08-04T15:52:18.307] [DEBUG] cheese - login => username:admin,password:123456
[2019-08-04T15:52:18.308] [DEBUG] cheese - admin
[2019-08-04T15:52:18.312] [DEBUG] cheese - null
[2019-08-04T15:52:18.312] [DEBUG] cheese - null
[2019-08-06T19:49:02.806] [DEBUG] cheese - login => username:admin,password:123456
[2019-08-06T19:49:02.808] [DEBUG] cheese - admin
[2019-08-06T19:49:02.927] [DEBUG] cheese - null
[2019-08-06T19:49:02.930] [DEBUG] cheese - null
[2019-08-14T10:15:52.464] [DEBUG] cheese - login => username:admin,password:123456
[2019-08-14T10:15:52.466] [DEBUG] cheese - admin
[2019-08-14T10:15:52.571] [DEBUG] cheese - null
[2019-08-14T10:15:52.572] [DEBUG] cheese - null
[2019-08-20T14:30:56.825] [DEBUG] cheese - login => username:admin,password:123456
[2019-08-20T14:30:56.827] [DEBUG] cheese - admin
[2019-08-20T14:30:56.918] [DEBUG] cheese - null
[2019-08-20T14:30:56.919] [DEBUG] cheese - null
[2019-08-20T18:48:05.298] [DEBUG] cheese - login => username:admin,password:123456
[2019-08-20T18:48:05.300] [DEBUG] cheese - admin
[2019-08-20T18:48:05.350] [DEBUG] cheese - null
[2019-08-20T18:48:05.351] [DEBUG] cheese - null
[2019-08-22T16:02:34.355] [DEBUG] cheese - login => username:admin,password:123456
[2019-08-22T16:02:34.364] [DEBUG] cheese - admin
[2019-08-22T16:02:34.477] [DEBUG] cheese - null
[2019-08-22T16:02:34.478] [DEBUG] cheese - null
[2019-08-23T11:57:19.806] [DEBUG] cheese - login => username:admin,password:12456
[2019-08-23T11:57:19.808] [DEBUG] cheese - admin
[2019-08-23T11:57:19.813] [DEBUG] cheese - null
[2019-08-23T11:57:19.813] [DEBUG] cheese - null
[2019-08-23T11:58:06.666] [DEBUG] cheese - login => username:admin,password:12456
[2019-08-23T11:58:06.668] [DEBUG] cheese - admin
[2019-08-23T11:58:06.694] [DEBUG] cheese - null
[2019-08-23T11:58:06.697] [DEBUG] cheese - null
[2019-08-23T11:58:57.472] [DEBUG] cheese - login => username:admin,password:1223456
[2019-08-23T11:58:57.472] [DEBUG] cheese - admin
[2019-08-23T11:58:57.475] [DEBUG] cheese - null
[2019-08-23T11:58:57.475] [DEBUG] cheese - null
[2019-08-23T12:02:05.927] [DEBUG] cheese - login => username:admin,password:123456
[2019-08-23T12:02:05.927] [DEBUG] cheese - admin
[2019-08-23T12:02:05.931] [DEBUG] cheese - null
[2019-08-23T12:02:05.932] [DEBUG] cheese - null
[2019-08-26T12:02:35.353] [DEBUG] cheese - login => username:admin,password:123456
[2019-08-26T12:02:35.358] [DEBUG] cheese - admin
[2019-08-26T12:02:35.406] [DEBUG] cheese - null
[2019-08-26T12:02:35.406] [DEBUG] cheese - null
[2019-08-27T11:47:15.232] [DEBUG] cheese - login => username:admin,password:123456
[2019-08-27T11:47:15.234] [DEBUG] cheese - admin
[2019-08-27T11:47:15.243] [DEBUG] cheese - null
[2019-08-27T11:47:15.243] [DEBUG] cheese - null
[2019-08-27T19:18:26.594] [DEBUG] cheese - null
[2019-08-28T12:11:13.965] [DEBUG] cheese - login => username:admin,password:123456
[2019-08-28T12:14:56.271] [DEBUG] cheese - login => username:admin,password:1234556
[2019-08-28T12:14:56.273] [DEBUG] cheese - admin
[2019-08-28T12:14:56.317] [DEBUG] cheese - null
[2019-08-28T12:14:56.318] [DEBUG] cheese - null
[2019-08-28T12:15:01.946] [DEBUG] cheese - login => username:admin,password:1234556
[2019-08-28T12:15:01.946] [DEBUG] cheese - admin
[2019-08-28T12:15:01.955] [DEBUG] cheese - null
[2019-08-28T12:15:01.955] [DEBUG] cheese - null
[2019-08-28T12:15:07.683] [DEBUG] cheese - login => username:admin,password:123456
[2019-08-28T12:15:07.683] [DEBUG] cheese - admin
[2019-08-28T12:15:07.686] [DEBUG] cheese - null
[2019-08-28T12:15:07.686] [DEBUG] cheese - null
[2019-08-29T15:34:58.869] [DEBUG] cheese - login => username:admin,password:123456
[2019-08-29T15:34:58.871] [DEBUG] cheese - admin
[2019-08-29T15:34:58.929] [DEBUG] cheese - null
[2019-08-29T15:34:58.930] [DEBUG] cheese - null
[2019-08-30T16:28:47.526] [DEBUG] cheese - login => username:admin,password:123456
[2019-08-30T16:28:47.534] [DEBUG] cheese - admin
[2019-08-30T16:28:47.543] [DEBUG] cheese - null
[2019-08-30T16:28:47.543] [DEBUG] cheese - null
